f:\c++项目\student-management-system\student-management-system\student-management-system\debug\vc142.pdb
f:\c++项目\student-management-system\student-management-system\student-management-system\debug\vc142.idb
f:\c++项目\student-management-system\student-management-system\student-management-system\debug\students.obj
f:\c++项目\student-management-system\student-management-system\student-management-system\debug\main.obj
f:\c++项目\student-management-system\student-management-system\student-management-system\debug\interface.obj
f:\c++项目\student-management-system\student-management-system\student-management-system\debug\accounts.obj
f:\c++项目\student-management-system\student-management-system\debug\student-management-system.pdb
f:\c++项目\student-management-system\student-management-system\student-management-system\debug\student-.2ef736a2.tlog\cl.command.1.tlog
f:\c++项目\student-management-system\student-management-system\student-management-system\debug\student-.2ef736a2.tlog\cl.read.1.tlog
f:\c++项目\student-management-system\student-management-system\student-management-system\debug\student-.2ef736a2.tlog\cl.write.1.tlog
f:\c++项目\student-management-system\student-management-system\student-management-system\debug\student-.2ef736a2.tlog\link-cvtres.read.1.tlog
f:\c++项目\student-management-system\student-management-system\student-management-system\debug\student-.2ef736a2.tlog\link-cvtres.write.1.tlog
f:\c++项目\student-management-system\student-management-system\student-management-system\debug\student-.2ef736a2.tlog\link-rc.read.1.tlog
f:\c++项目\student-management-system\student-management-system\student-management-system\debug\student-.2ef736a2.tlog\link-rc.write.1.tlog
f:\c++项目\student-management-system\student-management-system\student-management-system\debug\student-.2ef736a2.tlog\link.28640-cvtres.read.1.tlog
f:\c++项目\student-management-system\student-management-system\student-management-system\debug\student-.2ef736a2.tlog\link.28640-cvtres.write.1.tlog
f:\c++项目\student-management-system\student-management-system\student-management-system\debug\student-.2ef736a2.tlog\link.28640-rc.read.1.tlog
f:\c++项目\student-management-system\student-management-system\student-management-system\debug\student-.2ef736a2.tlog\link.28640-rc.write.1.tlog
f:\c++项目\student-management-system\student-management-system\student-management-system\debug\student-.2ef736a2.tlog\link.28640.read.1.tlog
f:\c++项目\student-management-system\student-management-system\student-management-system\debug\student-.2ef736a2.tlog\link.28640.write.1.tlog
f:\c++项目\student-management-system\student-management-system\student-management-system\debug\student-.2ef736a2.tlog\link.command.1.tlog
f:\c++项目\student-management-system\student-management-system\student-management-system\debug\student-.2ef736a2.tlog\link.read.1.tlog
f:\c++项目\student-management-system\student-management-system\student-management-system\debug\student-.2ef736a2.tlog\link.write.1.tlog
